<?xml version="1.0" encoding="UTF-8"?>
<!-- Generated by org.testng.reporters.JUnitXMLReporter -->
<testsuite hostname="DESKTOP-NE9A19H" ignored="0" name="TestNG" tests="7" failures="3" timestamp="29 Jun 2020 03:53:35 GMT" time="450.562" errors="0">
  <testcase name="testCase" time="9.165" classname="com.banking.TestCases.TestCase001"/>
  <testcase name="loginDDT" time="18.36" classname="com.banking.TestCases.TestCaseDDT"/>
  <testcase name="loginDDT" time="20.405" classname="com.banking.TestCases.TestCaseDDT">
    <failure type="java.lang.AssertionError" message="expected [true] but found [false]">
      <![CDATA[java.lang.AssertionError: expected [true] but found [false]
at com.banking.TestCases.TestCaseDDT.loginDDT(TestCaseDDT.java:28)
... Removed 29 stack frames]]>
    </failure>
  </testcase> <!-- loginDDT -->
  <testcase name="loginDDT" time="28.236" classname="com.banking.TestCases.TestCaseDDT">
    <failure type="java.lang.AssertionError" message="expected [true] but found [false]">
      <![CDATA[java.lang.AssertionError: expected [true] but found [false]
at com.banking.TestCases.TestCaseDDT.loginDDT(TestCaseDDT.java:28)
... Removed 29 stack frames]]>
    </failure>
  </testcase> <!-- loginDDT -->
  <testcase name="loginDDT" time="36.508" classname="com.banking.TestCases.TestCaseDDT">
    <failure type="java.lang.AssertionError" message="expected [true] but found [false]">
      <![CDATA[java.lang.AssertionError: expected [true] but found [false]
at com.banking.TestCases.TestCaseDDT.loginDDT(TestCaseDDT.java:28)
... Removed 29 stack frames]]>
    </failure>
  </testcase> <!-- loginDDT -->
  <testcase name="loginDDT" time="88.252" classname="com.banking.TestCases.TestCaseDDT"/>
  <testcase name="addNewCustomer" time="54.834" classname="com.banking.TestCases.TestCaseAdd002"/>
</testsuite> <!-- TestNG -->
