<?xml version="1.0" encoding="UTF-8"?>
<testng-results skipped="0" failed="0" ignored="0" total="1" passed="1">
  <reporter-output>
  </reporter-output>
  <suite name="InetbankingV1" duration-ms="68870" started-at="2020-06-29T05:54:36Z" finished-at="2020-06-29T05:55:45Z">
    <groups>
    </groups>
    <test name="TestNG" duration-ms="68870" started-at="2020-06-29T05:54:36Z" finished-at="2020-06-29T05:55:45Z">
      <class name="com.banking.TestCases.TestCase001">
        <test-method status="PASS" signature="setUp(java.lang.String)[pri:0, instance:com.banking.TestCases.TestCase001@4df828d7]" name="setUp" is-config="true" duration-ms="58623" started-at="2020-06-29T05:54:36Z" finished-at="2020-06-29T05:55:35Z">
          <params>
            <param index="0">
              <value>
                <![CDATA[chrome]]>
              </value>
            </param>
          </params>
          <reporter-output>
          </reporter-output>
        </test-method> <!-- setUp -->
        <test-method status="PASS" signature="testCase()[pri:0, instance:com.banking.TestCases.TestCase001@4df828d7]" name="testCase" duration-ms="9319" started-at="2020-06-29T05:55:35Z" finished-at="2020-06-29T05:55:44Z">
          <reporter-output>
          </reporter-output>
        </test-method> <!-- testCase -->
        <test-method status="PASS" signature="tearDown()[pri:0, instance:com.banking.TestCases.TestCase001@4df828d7]" name="tearDown" is-config="true" duration-ms="691" started-at="2020-06-29T05:55:44Z" finished-at="2020-06-29T05:55:45Z">
          <reporter-output>
          </reporter-output>
        </test-method> <!-- tearDown -->
      </class> <!-- com.banking.TestCases.TestCase001 -->
    </test> <!-- TestNG -->
  </suite> <!-- InetbankingV1 -->
</testng-results>
